C:\DOCUMENTS AND SETTINGS\USER\MY DOCUMENTS\VISUAL STUDIO 2010\PROJECTS\SMO_INTERFACE\DEBUG\.NETFRAMEWORK,VERSION=V4.0.ASSEMBLYATTRIBUTES.OBJ
C:\DOCUMENTS AND SETTINGS\USER\MY DOCUMENTS\VISUAL STUDIO 2010\PROJECTS\SMO_INTERFACE\DEBUG\APP.RES
C:\DOCUMENTS AND SETTINGS\USER\MY DOCUMENTS\VISUAL STUDIO 2010\PROJECTS\SMO_INTERFACE\DEBUG\ASSEMBLYINFO.OBJ
C:\Documents and Settings\user\My Documents\Visual Studio 2010\Projects\SMO_INTERFACE\Debug\cl.command.1.tlog
C:\Documents and Settings\user\My Documents\Visual Studio 2010\Projects\SMO_INTERFACE\Debug\CL.read.1.tlog
C:\Documents and Settings\user\My Documents\Visual Studio 2010\Projects\SMO_INTERFACE\Debug\CL.write.1.tlog
C:\Documents and Settings\user\My Documents\Visual Studio 2010\Projects\SMO_INTERFACE\Debug\GenerateResource.read.84.tlog
C:\Documents and Settings\user\My Documents\Visual Studio 2010\Projects\SMO_INTERFACE\Debug\GenerateResource.write.84.tlog
C:\Documents and Settings\user\My Documents\Visual Studio 2010\Projects\SMO_INTERFACE\Debug\link.3952.read.1.tlog
C:\Documents and Settings\user\My Documents\Visual Studio 2010\Projects\SMO_INTERFACE\Debug\link.3952.write.1.tlog
C:\Documents and Settings\user\My Documents\Visual Studio 2010\Projects\SMO_INTERFACE\Debug\link.3952-cvtres.read.1.tlog
C:\Documents and Settings\user\My Documents\Visual Studio 2010\Projects\SMO_INTERFACE\Debug\link.3952-cvtres.write.1.tlog
C:\Documents and Settings\user\My Documents\Visual Studio 2010\Projects\SMO_INTERFACE\Debug\link.command.1.tlog
C:\Documents and Settings\user\My Documents\Visual Studio 2010\Projects\SMO_INTERFACE\Debug\link.read.1.tlog
C:\Documents and Settings\user\My Documents\Visual Studio 2010\Projects\SMO_INTERFACE\Debug\link.write.1.tlog
C:\Documents and Settings\user\My Documents\Visual Studio 2010\Projects\SMO_INTERFACE\Debug\mt.command.1.tlog
C:\Documents and Settings\user\My Documents\Visual Studio 2010\Projects\SMO_INTERFACE\Debug\mt.read.1.tlog
C:\Documents and Settings\user\My Documents\Visual Studio 2010\Projects\SMO_INTERFACE\Debug\mt.write.1.tlog
C:\Documents and Settings\user\My Documents\Visual Studio 2010\Projects\SMO_INTERFACE\Debug\rc.command.1.tlog
C:\Documents and Settings\user\My Documents\Visual Studio 2010\Projects\SMO_INTERFACE\Debug\rc.read.1.tlog
C:\Documents and Settings\user\My Documents\Visual Studio 2010\Projects\SMO_INTERFACE\Debug\rc.write.1.tlog
C:\DOCUMENTS AND SETTINGS\USER\MY DOCUMENTS\VISUAL STUDIO 2010\PROJECTS\SMO_INTERFACE\DEBUG\SMO_INTERFACE.EXE
C:\DOCUMENTS AND SETTINGS\USER\MY DOCUMENTS\VISUAL STUDIO 2010\PROJECTS\SMO_INTERFACE\DEBUG\SMO_INTERFACE.EXE.INTERMEDIATE.MANIFEST
C:\DOCUMENTS AND SETTINGS\USER\MY DOCUMENTS\VISUAL STUDIO 2010\PROJECTS\SMO_INTERFACE\DEBUG\SMO_INTERFACE.FORM1.RESOURCES
C:\DOCUMENTS AND SETTINGS\USER\MY DOCUMENTS\VISUAL STUDIO 2010\PROJECTS\SMO_INTERFACE\DEBUG\SMO_INTERFACE.ILK
C:\DOCUMENTS AND SETTINGS\USER\MY DOCUMENTS\VISUAL STUDIO 2010\PROJECTS\SMO_INTERFACE\DEBUG\SMO_INTERFACE.OBJ
C:\DOCUMENTS AND SETTINGS\USER\MY DOCUMENTS\VISUAL STUDIO 2010\PROJECTS\SMO_INTERFACE\DEBUG\SMO_INTERFACE.PCH
C:\DOCUMENTS AND SETTINGS\USER\MY DOCUMENTS\VISUAL STUDIO 2010\PROJECTS\SMO_INTERFACE\DEBUG\SMO_INTERFACE.PDB
C:\Documents and Settings\user\My Documents\Visual Studio 2010\Projects\SMO_INTERFACE\Debug\SMO_INTERFACE.write.1.tlog
C:\DOCUMENTS AND SETTINGS\USER\MY DOCUMENTS\VISUAL STUDIO 2010\PROJECTS\SMO_INTERFACE\DEBUG\STDAFX.OBJ
C:\DOCUMENTS AND SETTINGS\USER\MY DOCUMENTS\VISUAL STUDIO 2010\PROJECTS\SMO_INTERFACE\DEBUG\VC100.PDB
